<?xml version="1.0" encoding="UTF-8"?>
<testng-results skipped="0" failed="1" ignored="0" total="3" passed="2">
  <reporter-output>
  </reporter-output>
  <suite name="Default suite" duration-ms="20884" started-at="2020-02-01T00:38:30 IST" finished-at="2020-02-01T00:38:51 IST">
    <groups>
    </groups>
    <test name="Default test" duration-ms="20884" started-at="2020-02-01T00:38:30 IST" finished-at="2020-02-01T00:38:51 IST">
      <class name="com.intervi.DataProviderDER">
        <test-method status="PASS" signature="openBrowser()[pri:0, instance:com.intervi.DataProviderDER@26aa12dd]" name="openBrowser" is-config="true" duration-ms="4444" started-at="2020-02-01T00:38:30 IST" finished-at="2020-02-01T00:38:34 IST">
          <reporter-output>
          </reporter-output>
        </test-method> <!-- openBrowser -->
        <test-method status="PASS" signature="run(java.lang.String, java.lang.String)[pri:0, instance:com.intervi.DataProviderDER@26aa12dd]" name="run" duration-ms="4167" started-at="2020-02-01T00:38:34 IST" data-provider="TestData" finished-at="2020-02-01T00:38:38 IST">
          <params>
            <param index="0">
              <value>
                <![CDATA[Userr]]>
              </value>
            </param>
            <param index="1">
              <value>
                <![CDATA[kk]]>
              </value>
            </param>
          </params>
          <reporter-output>
          </reporter-output>
        </test-method> <!-- run -->
        <test-method status="PASS" signature="quit()[pri:0, instance:com.intervi.DataProviderDER@26aa12dd]" name="quit" is-config="true" duration-ms="96" started-at="2020-02-01T00:38:38 IST" finished-at="2020-02-01T00:38:38 IST">
          <reporter-output>
          </reporter-output>
        </test-method> <!-- quit -->
        <test-method status="PASS" signature="openBrowser()[pri:0, instance:com.intervi.DataProviderDER@26aa12dd]" name="openBrowser" is-config="true" duration-ms="4127" started-at="2020-02-01T00:38:38 IST" finished-at="2020-02-01T00:38:43 IST">
          <reporter-output>
          </reporter-output>
        </test-method> <!-- openBrowser -->
        <test-method status="PASS" signature="run(java.lang.String, java.lang.String)[pri:0, instance:com.intervi.DataProviderDER@26aa12dd]" name="run" duration-ms="4171" started-at="2020-02-01T00:38:43 IST" data-provider="TestData" finished-at="2020-02-01T00:38:47 IST">
          <params>
            <param index="0">
              <value>
                <![CDATA[lop]]>
              </value>
            </param>
            <param index="1">
              <value>
                <![CDATA[kli]]>
              </value>
            </param>
          </params>
          <reporter-output>
          </reporter-output>
        </test-method> <!-- run -->
        <test-method status="PASS" signature="quit()[pri:0, instance:com.intervi.DataProviderDER@26aa12dd]" name="quit" is-config="true" duration-ms="90" started-at="2020-02-01T00:38:47 IST" finished-at="2020-02-01T00:38:47 IST">
          <reporter-output>
          </reporter-output>
        </test-method> <!-- quit -->
        <test-method status="PASS" signature="openBrowser()[pri:0, instance:com.intervi.DataProviderDER@26aa12dd]" name="openBrowser" is-config="true" duration-ms="3635" started-at="2020-02-01T00:38:47 IST" finished-at="2020-02-01T00:38:50 IST">
          <reporter-output>
          </reporter-output>
        </test-method> <!-- openBrowser -->
        <test-method status="FAIL" signature="run(java.lang.String, java.lang.String)[pri:0, instance:com.intervi.DataProviderDER@26aa12dd]" name="run" duration-ms="24" started-at="2020-02-01T00:38:50 IST" data-provider="TestData" finished-at="2020-02-01T00:38:50 IST">
          <params>
            <param index="0">
              <value is-null="true"/>
            </param>
            <param index="1">
              <value is-null="true"/>
            </param>
          </params>
          <exception class="java.lang.IllegalArgumentException">
            <message>
              <![CDATA[Keys to send should be a not null CharSequence]]>
            </message>
            <full-stacktrace>
              <![CDATA[java.lang.IllegalArgumentException: Keys to send should be a not null CharSequence
at org.openqa.selenium.remote.RemoteWebElement.sendKeys(RemoteWebElement.java:97)
at com.intervi.DataProviderDER.run(DataProviderDER.java:46)
at sun.reflect.NativeMethodAccessorImpl.invoke0(Native Method)
at sun.reflect.NativeMethodAccessorImpl.invoke(NativeMethodAccessorImpl.java:62)
at sun.reflect.DelegatingMethodAccessorImpl.invoke(DelegatingMethodAccessorImpl.java:43)
at java.lang.reflect.Method.invoke(Method.java:498)
at org.testng.internal.MethodInvocationHelper.invokeMethod(MethodInvocationHelper.java:133)
at org.testng.internal.TestInvoker.invokeMethod(TestInvoker.java:584)
at org.testng.internal.TestInvoker.invokeTestMethod(TestInvoker.java:172)
at org.testng.internal.MethodRunner.runInSequence(MethodRunner.java:46)
at org.testng.internal.TestInvoker$MethodInvocationAgent.invoke(TestInvoker.java:804)
at org.testng.internal.TestInvoker.invokeTestMethods(TestInvoker.java:145)
at org.testng.internal.TestMethodWorker.invokeTestMethods(TestMethodWorker.java:146)
at org.testng.internal.TestMethodWorker.run(TestMethodWorker.java:128)
at java.util.ArrayList.forEach(ArrayList.java:1257)
at org.testng.TestRunner.privateRun(TestRunner.java:770)
at org.testng.TestRunner.run(TestRunner.java:591)
at org.testng.SuiteRunner.runTest(SuiteRunner.java:402)
at org.testng.SuiteRunner.runSequentially(SuiteRunner.java:396)
at org.testng.SuiteRunner.privateRun(SuiteRunner.java:355)
at org.testng.SuiteRunner.run(SuiteRunner.java:304)
at org.testng.SuiteRunnerWorker.runSuite(SuiteRunnerWorker.java:53)
at org.testng.SuiteRunnerWorker.run(SuiteRunnerWorker.java:96)
at org.testng.TestNG.runSuitesSequentially(TestNG.java:1180)
at org.testng.TestNG.runSuitesLocally(TestNG.java:1102)
at org.testng.TestNG.runSuites(TestNG.java:1032)
at org.testng.TestNG.run(TestNG.java:1000)
at org.testng.remote.AbstractRemoteTestNG.run(AbstractRemoteTestNG.java:115)
at org.testng.remote.RemoteTestNG.initAndRun(RemoteTestNG.java:251)
at org.testng.remote.RemoteTestNG.main(RemoteTestNG.java:77)
]]>
            </full-stacktrace>
          </exception> <!-- java.lang.IllegalArgumentException -->
          <reporter-output>
          </reporter-output>
        </test-method> <!-- run -->
        <test-method status="PASS" signature="quit()[pri:0, instance:com.intervi.DataProviderDER@26aa12dd]" name="quit" is-config="true" duration-ms="86" started-at="2020-02-01T00:38:50 IST" finished-at="2020-02-01T00:38:51 IST">
          <reporter-output>
          </reporter-output>
        </test-method> <!-- quit -->
      </class> <!-- com.intervi.DataProviderDER -->
    </test> <!-- Default test -->
  </suite> <!-- Default suite -->
</testng-results>
